Using pre-set license
Built from '2020.3/staging' branch; Version is '2020.3.45f1 (660cd1701bd5) revision 6687953'; Using compiler version '192528614'; Build Type 'Release'
OS: 'Windows 10  (10.0.17134) 64bit Professional' Language: 'en' Physical Memory: 8073 MB
BatchMode: 1, IsHumanControllingUs: 0, StartBugReporterOnCrash: 0, Is64bit: 1, IsPro: 0

COMMAND LINE ARGUMENTS:
D:\Unity\Hud\Editor\2020.3.45f1\Editor\Unity.exe
-adb2
-batchMode
-noUpm
-name
AssetImportWorker0
-projectPath
D:/Chuan/Project/Unity/ChickenShoot
-logFile
Logs/AssetImportWorker0.log
-srvPort
61157
Successfully changed project path to: D:/Chuan/Project/Unity/ChickenShoot
D:/Chuan/Project/Unity/ChickenShoot
Using Asset Import Pipeline V2.
Player connection [6876] Host "[IP] 192.168.0.102 [Port] 1073959520 [Flags] 2 [Guid] 1511157951 [EditorId] 1511157951 [Version] 1048832 [Id] WindowsEditor(7,Admin) [Debug] 1 [PackageName] WindowsEditor [ProjectName] Editor" joined multi-casting on [225.0.0.222:54997]...

Player connection [6876] Host "[IP] 192.168.0.102 [Port] 1073959520 [Flags] 2 [Guid] 1511157951 [EditorId] 1511157951 [Version] 1048832 [Id] WindowsEditor(7,Admin) [Debug] 1 [PackageName] WindowsEditor [ProjectName] Editor" joined alternative multi-casting on [225.0.0.222:34997]...

Refreshing native plugins compatible for Editor in 90.29 ms, found 3 plugins.
Preloading 0 native plugins for Editor in 0.00 ms.
Initialize engine version: 2020.3.45f1 (660cd1701bd5)
[Subsystems] Discovering subsystems at path D:/Unity/Hud/Editor/2020.3.45f1/Editor/Data/Resources/UnitySubsystems
[Subsystems] Discovering subsystems at path D:/Chuan/Project/Unity/ChickenShoot/Assets
GfxDevice: creating device client; threaded=0
Direct3D:
    Version:  Direct3D 11.0 [level 11.1]
    Renderer: Intel(R) HD Graphics 520 (ID=0x1916)
    Vendor:   
    VRAM:     4036 MB
    Driver:   22.20.16.4836
Initialize mono
Mono path[0] = 'D:/Unity/Hud/Editor/2020.3.45f1/Editor/Data/Managed'
Mono path[1] = 'D:/Unity/Hud/Editor/2020.3.45f1/Editor/Data/MonoBleedingEdge/lib/mono/unityjit'
Mono config path = 'D:/Unity/Hud/Editor/2020.3.45f1/Editor/Data/MonoBleedingEdge/etc'
Using monoOptions --debugger-agent=transport=dt_socket,embedding=1,server=y,suspend=n,address=127.0.0.1:56692
Begin MonoManager ReloadAssembly
Registering precompiled unity dll's ...
Register platform support module: D:/Unity/Hud/Editor/2020.3.45f1/Editor/Data/PlaybackEngines/WindowsStandaloneSupport/UnityEditor.WindowsStandalone.Extensions.dll
Registered in 0.002185 seconds.
Native extension for WindowsStandalone target not found
Refreshing native plugins compatible for Editor in 163.12 ms, found 3 plugins.
Preloading 0 native plugins for Editor in 0.00 ms.
Mono: successfully reloaded assembly
- Completed reload, in  1.618 seconds
Domain Reload Profiling:
	ReloadAssembly (1618ms)
		BeginReloadAssembly (131ms)
			ExecutionOrderSort (0ms)
			DisableScriptedObjects (0ms)
			BackupInstance (0ms)
			ReleaseScriptingObjects (0ms)
			CreateAndSetChildDomain (1ms)
		EndReloadAssembly (1289ms)
			LoadAssemblies (130ms)
			RebuildTransferFunctionScriptingTraits (0ms)
			SetupTypeCache (435ms)
			ReleaseScriptCaches (0ms)
			RebuildScriptCaches (74ms)
			SetupLoadedEditorAssemblies (528ms)
				LogAssemblyErrors (0ms)
				InitializePlatformSupportModulesInManaged (8ms)
				SetLoadedEditorAssemblies (0ms)
				RefreshPlugins (163ms)
				BeforeProcessingInitializeOnLoad (46ms)
				ProcessInitializeOnLoadAttributes (233ms)
				ProcessInitializeOnLoadMethodAttributes (77ms)
				AfterProcessingInitializeOnLoad (0ms)
				EditorAssembliesLoaded (1ms)
			ExecutionOrderSort2 (0ms)
			AwakeInstancesAfterBackupRestoration (0ms)
Platform modules already initialized, skipping
Registering precompiled user dll's ...
Registered in 0.004882 seconds.
Begin MonoManager ReloadAssembly
Native extension for WindowsStandalone target not found
Refreshing native plugins compatible for Editor in 87.36 ms, found 3 plugins.
Preloading 0 native plugins for Editor in 0.00 ms.
Mono: successfully reloaded assembly
- Completed reload, in  2.264 seconds
Domain Reload Profiling:
	ReloadAssembly (2266ms)
		BeginReloadAssembly (263ms)
			ExecutionOrderSort (0ms)
			DisableScriptedObjects (17ms)
			BackupInstance (0ms)
			ReleaseScriptingObjects (0ms)
			CreateAndSetChildDomain (24ms)
		EndReloadAssembly (1873ms)
			LoadAssemblies (164ms)
			RebuildTransferFunctionScriptingTraits (0ms)
			SetupTypeCache (641ms)
			ReleaseScriptCaches (1ms)
			RebuildScriptCaches (170ms)
			SetupLoadedEditorAssemblies (747ms)
				LogAssemblyErrors (0ms)
				InitializePlatformSupportModulesInManaged (4ms)
				SetLoadedEditorAssemblies (0ms)
				RefreshPlugins (87ms)
				BeforeProcessingInitializeOnLoad (140ms)
				ProcessInitializeOnLoadAttributes (457ms)
				ProcessInitializeOnLoadMethodAttributes (56ms)
				AfterProcessingInitializeOnLoad (3ms)
				EditorAssembliesLoaded (0ms)
			ExecutionOrderSort2 (0ms)
			AwakeInstancesAfterBackupRestoration (2ms)
Platform modules already initialized, skipping
========================================================================
Worker process is ready to serve import requests
Launched and connected shader compiler UnityShaderCompiler.exe after 0.04 seconds
Refreshing native plugins compatible for Editor in 1.21 ms, found 3 plugins.
Preloading 0 native plugins for Editor in 0.00 ms.
Unloading 2453 Unused Serialized files (Serialized files now loaded: 0)
System memory in use before: 109.1 MB.
System memory in use after: 109.2 MB.

Unloading 34 unused Assets to reduce memory usage. Loaded Objects now: 2888.
Total: 7.173970 ms (FindLiveObjects: 0.399786 ms CreateObjectMapping: 0.235947 ms MarkObjects: 6.294611 ms  DeleteObjects: 0.241920 ms)

AssetImportParameters requested are different than current active one (requested -> active):
  custom:framework-win-MediaFoundation: 216162199b28c13a410421893ffa2e32 -> 
  custom:video-decoder-ogg-theora: a1e56fd34408186e4bbccfd4996cb3dc -> 
  custom:container-muxer-webm: aa71ff27fc2769a1b78a27578f13a17b -> 
  custom:container-demuxer-webm: 4f35f7cbe854078d1ac9338744f61a02 -> 
  custom:container-demuxer-ogg: 62fdf1f143b41e24485cea50d1cbac27 -> 
  custom:video-encoder-webm-vp8: eb34c28f22e8b96e1ab97ce403110664 -> 
  custom:video-decoder-webm-vp8: 9c59270c3fd7afecdb556c50c9e8de78 -> 
  custom:audio-decoder-ogg-vorbis: bf7c407c2cedff20999df2af8eb42d56 -> 
  custom:audio-encoder-webm-vorbis: bf7c407c2cedff20999df2af8eb42d56 -> 
========================================================================
Received Import Request.
  path: Assets/Resources/Images/Foods/CI3Roast.png
  artifactKey: Guid(e2c17eac16172fd4786129648c984ef9) Importer(815301076,1909f56bfc062723c751e8b465ee728b)
Start importing Assets/Resources/Images/Foods/CI3Roast.png using Guid(e2c17eac16172fd4786129648c984ef9) Importer(815301076,1909f56bfc062723c751e8b465ee728b)  -> (artifact id: 'ff98888bcdaa3573b69b3e90feba60de') in 0.250010 seconds 
========================================================================
Received Import Request.
  Time since last request: 0.000092 seconds.
  path: Assets/Resources/Images/Foods/CI2Roast.png
  artifactKey: Guid(1bb83e784c1a55b41b20280dda734402) Importer(815301076,1909f56bfc062723c751e8b465ee728b)
Start importing Assets/Resources/Images/Foods/CI2Roast.png using Guid(1bb83e784c1a55b41b20280dda734402) Importer(815301076,1909f56bfc062723c751e8b465ee728b)  -> (artifact id: '623aac4e7e2449bd3bf4c8147962e9f6') in 0.058056 seconds 
========================================================================
Received Import Request.
  Time since last request: 0.000538 seconds.
  path: Assets/Resources/Images/Foods/DoubleBurger.png
  artifactKey: Guid(77dfe525c33900840aa620b415ccc656) Importer(815301076,1909f56bfc062723c751e8b465ee728b)
Start importing Assets/Resources/Images/Foods/DoubleBurger.png using Guid(77dfe525c33900840aa620b415ccc656) Importer(815301076,1909f56bfc062723c751e8b465ee728b)  -> (artifact id: 'abce00fc88e46b9d3f27e5cb1f9d873d') in 0.058836 seconds 
========================================================================
Received Import Request.
  Time since last request: 0.000451 seconds.
  path: Assets/Resources/Images/Foods/CI3Leg.png
  artifactKey: Guid(5d81558a9061f434fa780471f6c2d72d) Importer(815301076,1909f56bfc062723c751e8b465ee728b)
Start importing Assets/Resources/Images/Foods/CI3Leg.png using Guid(5d81558a9061f434fa780471f6c2d72d) Importer(815301076,1909f56bfc062723c751e8b465ee728b)  -> (artifact id: 'af6a6a06a46432ec20f2d3b05e6ea41f') in 0.059364 seconds 
========================================================================
Received Import Request.
  Time since last request: 0.000386 seconds.
  path: Assets/Resources/Images/Foods/TwinLegs.png
  artifactKey: Guid(d692e023d0e4f2e43a424a8452a6666f) Importer(815301076,1909f56bfc062723c751e8b465ee728b)
Start importing Assets/Resources/Images/Foods/TwinLegs.png using Guid(d692e023d0e4f2e43a424a8452a6666f) Importer(815301076,1909f56bfc062723c751e8b465ee728b)  -> (artifact id: '193fc005410483de275f7d347e603573') in 0.084581 seconds 
========================================================================
Received Import Request.
  Time since last request: 0.000385 seconds.
  path: Assets/Resources/Images/Foods/CI2Leg.png
  artifactKey: Guid(d7ee850957fb47243abb8cc48e479e27) Importer(815301076,1909f56bfc062723c751e8b465ee728b)
Start importing Assets/Resources/Images/Foods/CI2Leg.png using Guid(d7ee850957fb47243abb8cc48e479e27) Importer(815301076,1909f56bfc062723c751e8b465ee728b)  -> (artifact id: '9a044f9e0b5c64d26ef7f1ee3b8b1d97') in 0.073079 seconds 
========================================================================
Received Import Request.
  Time since last request: 0.000416 seconds.
  path: Assets/Resources/Images/Foods/CheeseBurger.png
  artifactKey: Guid(624b488919f3b7c4e871888e14c00987) Importer(815301076,1909f56bfc062723c751e8b465ee728b)
Start importing Assets/Resources/Images/Foods/CheeseBurger.png using Guid(624b488919f3b7c4e871888e14c00987) Importer(815301076,1909f56bfc062723c751e8b465ee728b)  -> (artifact id: 'b7916d4d87c443c323c434569a491405') in 0.063165 seconds 
========================================================================
Received Import Request.
  Time since last request: 1.023793 seconds.
  path: Assets/Resources/Images/BossAndEnemies
  artifactKey: Guid(a5cb583297b12bd4e968eebdf29b1b09) Importer(815301076,1909f56bfc062723c751e8b465ee728b)
Start importing Assets/Resources/Images/BossAndEnemies using Guid(a5cb583297b12bd4e968eebdf29b1b09) Importer(815301076,1909f56bfc062723c751e8b465ee728b)  -> (artifact id: '8237a12d3ad663200dc79b0fdb89d8cf') in 0.040647 seconds 
========================================================================
Received Import Request.
  Time since last request: 2.275054 seconds.
  path: Assets/Resources/Images/Backgrounds/Chicken_Invaders_4_Background_Space.png
  artifactKey: Guid(731760c99eb81d9468283e71a17c5306) Importer(815301076,1909f56bfc062723c751e8b465ee728b)
Start importing Assets/Resources/Images/Backgrounds/Chicken_Invaders_4_Background_Space.png using Guid(731760c99eb81d9468283e71a17c5306) Importer(815301076,1909f56bfc062723c751e8b465ee728b)  -> (artifact id: '9003a887e9d8f61d9de108b27ef9b6e8') in 0.049104 seconds 
========================================================================
Received Import Request.
  Time since last request: 0.000367 seconds.
  path: Assets/Resources/Images/Backgrounds/Chicken_Invaders_5_Background_Space.png
  artifactKey: Guid(52b4333de938b774aabacb75983c3c57) Importer(815301076,1909f56bfc062723c751e8b465ee728b)
Start importing Assets/Resources/Images/Backgrounds/Chicken_Invaders_5_Background_Space.png using Guid(52b4333de938b774aabacb75983c3c57) Importer(815301076,1909f56bfc062723c751e8b465ee728b)  -> (artifact id: '71acacb2ba8db2b7d73b611abf41b8b1') in 0.071810 seconds 
========================================================================
Received Import Request.
  Time since last request: 120.290573 seconds.
  path: Assets/Resources/Prefabs/Background
  artifactKey: Guid(12ae8b40f114ed541bf355b7f56af1c9) Importer(815301076,1909f56bfc062723c751e8b465ee728b)
Start importing Assets/Resources/Prefabs/Background using Guid(12ae8b40f114ed541bf355b7f56af1c9) Importer(815301076,1909f56bfc062723c751e8b465ee728b)  -> (artifact id: '582b3c03123cff0a747dd474e6b511c7') in 0.029881 seconds 
========================================================================
Received Import Request.
  Time since last request: 15.661194 seconds.
  path: Assets/Resources/Prefabs/Background/Background01.prefab
  artifactKey: Guid(4487c0d16fe368b4e974e03d3ebd17a5) Importer(815301076,1909f56bfc062723c751e8b465ee728b)
Start importing Assets/Resources/Prefabs/Background/Background01.prefab using Guid(4487c0d16fe368b4e974e03d3ebd17a5) Importer(815301076,1909f56bfc062723c751e8b465ee728b)  -> (artifact id: '816974f977408f88f2ecd644c61b37b8') in 0.160447 seconds 
========================================================================
Received Import Request.
  Time since last request: 2.163929 seconds.
  path: Assets/Resources/Prefabs/Background/Background02.prefab
  artifactKey: Guid(e679ccb5cf81a8746812390c513bc609) Importer(815301076,1909f56bfc062723c751e8b465ee728b)
Start importing Assets/Resources/Prefabs/Background/Background02.prefab using Guid(e679ccb5cf81a8746812390c513bc609) Importer(815301076,1909f56bfc062723c751e8b465ee728b)  -> (artifact id: 'fc959fdab44ba2bd4f31c21807938697') in 0.056319 seconds 
========================================================================
Received Import Request.
  Time since last request: 32.061097 seconds.
  path: Assets/Resources/Scripts/Background
  artifactKey: Guid(f93ec180cb975b14aadbe96d7872a667) Importer(815301076,1909f56bfc062723c751e8b465ee728b)
Start importing Assets/Resources/Scripts/Background using Guid(f93ec180cb975b14aadbe96d7872a667) Importer(815301076,1909f56bfc062723c751e8b465ee728b)  -> (artifact id: 'fb68f55574db63f045c345c11bc7d081') in 0.013836 seconds 
========================================================================
Received Import Request.
  Time since last request: 7.862107 seconds.
  path: Assets/Resources/Scripts/Background/Background.cs
  artifactKey: Guid(fa0c7aa90f9889c4cbe58619df2c3399) Importer(815301076,1909f56bfc062723c751e8b465ee728b)
Start importing Assets/Resources/Scripts/Background/Background.cs using Guid(fa0c7aa90f9889c4cbe58619df2c3399) Importer(815301076,1909f56bfc062723c751e8b465ee728b)  -> (artifact id: '5c1a3e2a31e8dffe0ad5fe1e155e92d3') in 0.050279 seconds 
========================================================================
Received Prepare
Registering precompiled user dll's ...
Registered in 0.002607 seconds.
Begin MonoManager ReloadAssembly
Native extension for WindowsStandalone target not found
Refreshing native plugins compatible for Editor in 0.70 ms, found 3 plugins.
Preloading 0 native plugins for Editor in 0.00 ms.
Mono: successfully reloaded assembly
- Completed reload, in  1.607 seconds
Domain Reload Profiling:
	ReloadAssembly (1608ms)
		BeginReloadAssembly (183ms)
			ExecutionOrderSort (0ms)
			DisableScriptedObjects (13ms)
			BackupInstance (0ms)
			ReleaseScriptingObjects (0ms)
			CreateAndSetChildDomain (58ms)
		EndReloadAssembly (1326ms)
			LoadAssemblies (149ms)
			RebuildTransferFunctionScriptingTraits (0ms)
			SetupTypeCache (467ms)
			ReleaseScriptCaches (1ms)
			RebuildScriptCaches (72ms)
			SetupLoadedEditorAssemblies (498ms)
				LogAssemblyErrors (0ms)
				InitializePlatformSupportModulesInManaged (5ms)
				SetLoadedEditorAssemblies (1ms)
				RefreshPlugins (1ms)
				BeforeProcessingInitializeOnLoad (111ms)
				ProcessInitializeOnLoadAttributes (363ms)
				ProcessInitializeOnLoadMethodAttributes (15ms)
				AfterProcessingInitializeOnLoad (3ms)
				EditorAssembliesLoaded (0ms)
			ExecutionOrderSort2 (0ms)
			AwakeInstancesAfterBackupRestoration (6ms)
Platform modules already initialized, skipping
Refreshing native plugins compatible for Editor in 1.15 ms, found 3 plugins.
Preloading 0 native plugins for Editor in 0.00 ms.
Unloading 2449 Unused Serialized files (Serialized files now loaded: 0)
System memory in use before: 112.4 MB.
System memory in use after: 112.5 MB.

Unloading 21 unused Assets to reduce memory usage. Loaded Objects now: 2917.
Total: 6.777597 ms (FindLiveObjects: 0.612693 ms CreateObjectMapping: 0.331520 ms MarkObjects: 5.585918 ms  DeleteObjects: 0.246187 ms)

AssetImportParameters requested are different than current active one (requested -> active):
  custom:framework-win-MediaFoundation: 216162199b28c13a410421893ffa2e32 -> 
  custom:video-decoder-ogg-theora: a1e56fd34408186e4bbccfd4996cb3dc -> 
  custom:container-muxer-webm: aa71ff27fc2769a1b78a27578f13a17b -> 
  custom:container-demuxer-webm: 4f35f7cbe854078d1ac9338744f61a02 -> 
  custom:container-demuxer-ogg: 62fdf1f143b41e24485cea50d1cbac27 -> 
  custom:video-encoder-webm-vp8: eb34c28f22e8b96e1ab97ce403110664 -> 
  custom:video-decoder-webm-vp8: 9c59270c3fd7afecdb556c50c9e8de78 -> 
  custom:audio-decoder-ogg-vorbis: bf7c407c2cedff20999df2af8eb42d56 -> 
  custom:audio-encoder-webm-vorbis: bf7c407c2cedff20999df2af8eb42d56 -> 
========================================================================
Received Import Request.
  Time since last request: 15.300341 seconds.
  path: Assets/Resources/Prefabs/Background/Background01.prefab
  artifactKey: Guid(4487c0d16fe368b4e974e03d3ebd17a5) Importer(815301076,1909f56bfc062723c751e8b465ee728b)
Start importing Assets/Resources/Prefabs/Background/Background01.prefab using Guid(4487c0d16fe368b4e974e03d3ebd17a5) Importer(815301076,1909f56bfc062723c751e8b465ee728b)  -> (artifact id: 'e01f103f4d2ba3f293aef99e3857ebd5') in 0.177870 seconds 
========================================================================
Received Import Request.
  Time since last request: 0.000383 seconds.
  path: Assets/Resources/Prefabs/Background/Background02.prefab
  artifactKey: Guid(e679ccb5cf81a8746812390c513bc609) Importer(815301076,1909f56bfc062723c751e8b465ee728b)
Start importing Assets/Resources/Prefabs/Background/Background02.prefab using Guid(e679ccb5cf81a8746812390c513bc609) Importer(815301076,1909f56bfc062723c751e8b465ee728b)  -> (artifact id: '84a529d67b5b3394672593e166d48a15') in 0.052582 seconds 
========================================================================
Received Prepare
Registering precompiled user dll's ...
Registered in 0.003866 seconds.
Begin MonoManager ReloadAssembly
Native extension for WindowsStandalone target not found
Refreshing native plugins compatible for Editor in 0.73 ms, found 3 plugins.
Preloading 0 native plugins for Editor in 0.00 ms.
Mono: successfully reloaded assembly
- Completed reload, in  2.873 seconds
Domain Reload Profiling:
	ReloadAssembly (2873ms)
		BeginReloadAssembly (519ms)
			ExecutionOrderSort (0ms)
			DisableScriptedObjects (13ms)
			BackupInstance (0ms)
			ReleaseScriptingObjects (0ms)
			CreateAndSetChildDomain (259ms)
		EndReloadAssembly (2235ms)
			LoadAssemblies (261ms)
			RebuildTransferFunctionScriptingTraits (0ms)
			SetupTypeCache (754ms)
			ReleaseScriptCaches (2ms)
			RebuildScriptCaches (162ms)
			SetupLoadedEditorAssemblies (981ms)
				LogAssemblyErrors (0ms)
				InitializePlatformSupportModulesInManaged (4ms)
				SetLoadedEditorAssemblies (1ms)
				RefreshPlugins (1ms)
				BeforeProcessingInitializeOnLoad (132ms)
				ProcessInitializeOnLoadAttributes (819ms)
				ProcessInitializeOnLoadMethodAttributes (21ms)
				AfterProcessingInitializeOnLoad (3ms)
				EditorAssembliesLoaded (0ms)
			ExecutionOrderSort2 (0ms)
			AwakeInstancesAfterBackupRestoration (6ms)
Platform modules already initialized, skipping
Refreshing native plugins compatible for Editor in 1.15 ms, found 3 plugins.
Preloading 0 native plugins for Editor in 0.00 ms.
Unloading 2449 Unused Serialized files (Serialized files now loaded: 0)
System memory in use before: 112.5 MB.
System memory in use after: 112.5 MB.

Unloading 21 unused Assets to reduce memory usage. Loaded Objects now: 2921.
Total: 7.283624 ms (FindLiveObjects: 0.335787 ms CreateObjectMapping: 0.216747 ms MarkObjects: 6.502397 ms  DeleteObjects: 0.226560 ms)

AssetImportParameters requested are different than current active one (requested -> active):
  custom:framework-win-MediaFoundation: 216162199b28c13a410421893ffa2e32 -> 
  custom:video-decoder-ogg-theora: a1e56fd34408186e4bbccfd4996cb3dc -> 
  custom:container-muxer-webm: aa71ff27fc2769a1b78a27578f13a17b -> 
  custom:container-demuxer-webm: 4f35f7cbe854078d1ac9338744f61a02 -> 
  custom:container-demuxer-ogg: 62fdf1f143b41e24485cea50d1cbac27 -> 
  custom:video-encoder-webm-vp8: eb34c28f22e8b96e1ab97ce403110664 -> 
  custom:video-decoder-webm-vp8: 9c59270c3fd7afecdb556c50c9e8de78 -> 
  custom:audio-decoder-ogg-vorbis: bf7c407c2cedff20999df2af8eb42d56 -> 
  custom:audio-encoder-webm-vorbis: bf7c407c2cedff20999df2af8eb42d56 -> 
========================================================================
Received Prepare
Registering precompiled user dll's ...
Registered in 0.007230 seconds.
Begin MonoManager ReloadAssembly
Native extension for WindowsStandalone target not found
Refreshing native plugins compatible for Editor in 1.01 ms, found 3 plugins.
Preloading 0 native plugins for Editor in 0.00 ms.
Mono: successfully reloaded assembly
- Completed reload, in  1.639 seconds
Domain Reload Profiling:
	ReloadAssembly (1640ms)
		BeginReloadAssembly (153ms)
			ExecutionOrderSort (0ms)
			DisableScriptedObjects (10ms)
			BackupInstance (0ms)
			ReleaseScriptingObjects (0ms)
			CreateAndSetChildDomain (47ms)
		EndReloadAssembly (1405ms)
			LoadAssemblies (128ms)
			RebuildTransferFunctionScriptingTraits (0ms)
			SetupTypeCache (507ms)
			ReleaseScriptCaches (2ms)
			RebuildScriptCaches (76ms)
			SetupLoadedEditorAssemblies (531ms)
				LogAssemblyErrors (0ms)
				InitializePlatformSupportModulesInManaged (6ms)
				SetLoadedEditorAssemblies (1ms)
				RefreshPlugins (1ms)
				BeforeProcessingInitializeOnLoad (119ms)
				ProcessInitializeOnLoadAttributes (386ms)
				ProcessInitializeOnLoadMethodAttributes (15ms)
				AfterProcessingInitializeOnLoad (3ms)
				EditorAssembliesLoaded (0ms)
			ExecutionOrderSort2 (0ms)
			AwakeInstancesAfterBackupRestoration (7ms)
Platform modules already initialized, skipping
Refreshing native plugins compatible for Editor in 1.04 ms, found 3 plugins.
Preloading 0 native plugins for Editor in 0.00 ms.
Unloading 2449 Unused Serialized files (Serialized files now loaded: 0)
System memory in use before: 112.5 MB.
System memory in use after: 112.5 MB.

Unloading 21 unused Assets to reduce memory usage. Loaded Objects now: 2924.
Total: 6.165757 ms (FindLiveObjects: 0.353280 ms CreateObjectMapping: 0.218453 ms MarkObjects: 5.353384 ms  DeleteObjects: 0.236800 ms)

AssetImportParameters requested are different than current active one (requested -> active):
  custom:framework-win-MediaFoundation: 216162199b28c13a410421893ffa2e32 -> 
  custom:video-decoder-ogg-theora: a1e56fd34408186e4bbccfd4996cb3dc -> 
  custom:container-muxer-webm: aa71ff27fc2769a1b78a27578f13a17b -> 
  custom:container-demuxer-webm: 4f35f7cbe854078d1ac9338744f61a02 -> 
  custom:container-demuxer-ogg: 62fdf1f143b41e24485cea50d1cbac27 -> 
  custom:video-encoder-webm-vp8: eb34c28f22e8b96e1ab97ce403110664 -> 
  custom:video-decoder-webm-vp8: 9c59270c3fd7afecdb556c50c9e8de78 -> 
  custom:audio-decoder-ogg-vorbis: bf7c407c2cedff20999df2af8eb42d56 -> 
  custom:audio-encoder-webm-vorbis: bf7c407c2cedff20999df2af8eb42d56 -> 
========================================================================
Received Import Request.
  Time since last request: 255.034848 seconds.
  path: Assets/Resources/Prefabs/Bullets/Bullet.prefab
  artifactKey: Guid(9cdb1b254d8c3b844b72c0cac27e8c86) Importer(815301076,1909f56bfc062723c751e8b465ee728b)
Start importing Assets/Resources/Prefabs/Bullets/Bullet.prefab using Guid(9cdb1b254d8c3b844b72c0cac27e8c86) Importer(815301076,1909f56bfc062723c751e8b465ee728b)  -> (artifact id: '55c4185ba5587a74b37f0b3a5814efea') in 0.092500 seconds 
========================================================================
Received Import Request.
  Time since last request: 0.000396 seconds.
  path: Assets/Resources/Prefabs/Bullets/BulletLevel05.prefab
  artifactKey: Guid(8646040590ef8654eb072b0f425aeebf) Importer(815301076,1909f56bfc062723c751e8b465ee728b)
Start importing Assets/Resources/Prefabs/Bullets/BulletLevel05.prefab using Guid(8646040590ef8654eb072b0f425aeebf) Importer(815301076,1909f56bfc062723c751e8b465ee728b)  -> (artifact id: '0c7097ee7a5b4e884040d2ae28d8a4d5') in 0.085712 seconds 
========================================================================
Received Import Request.
  Time since last request: 0.000448 seconds.
  path: Assets/Resources/Prefabs/Bullets/BulletLevel07.prefab
  artifactKey: Guid(6d947529d57a7b2408c3cbc1d8443fb7) Importer(815301076,1909f56bfc062723c751e8b465ee728b)
Start importing Assets/Resources/Prefabs/Bullets/BulletLevel07.prefab using Guid(6d947529d57a7b2408c3cbc1d8443fb7) Importer(815301076,1909f56bfc062723c751e8b465ee728b)  -> (artifact id: '356847195553f4a71e0d51276dd46f88') in 0.075091 seconds 
========================================================================
Received Import Request.
  Time since last request: 0.000436 seconds.
  path: Assets/Resources/Prefabs/Bullets/BulletLevel01.prefab
  artifactKey: Guid(e4c9e3e521f66c2499935b47b065c978) Importer(815301076,1909f56bfc062723c751e8b465ee728b)
Start importing Assets/Resources/Prefabs/Bullets/BulletLevel01.prefab using Guid(e4c9e3e521f66c2499935b47b065c978) Importer(815301076,1909f56bfc062723c751e8b465ee728b)  -> (artifact id: '688e6c01699f4e134b87b57e15c9ef59') in 0.070918 seconds 
========================================================================
Received Import Request.
  Time since last request: 0.000484 seconds.
  path: Assets/Resources/Prefabs/Bullets/BulletLevel04.prefab
  artifactKey: Guid(dd3c9161e8ca3a94b9448346f5866023) Importer(815301076,1909f56bfc062723c751e8b465ee728b)
Start importing Assets/Resources/Prefabs/Bullets/BulletLevel04.prefab using Guid(dd3c9161e8ca3a94b9448346f5866023) Importer(815301076,1909f56bfc062723c751e8b465ee728b)  -> (artifact id: 'b61f5981c303c7042995cbbf1651e32b') in 0.050871 seconds 
========================================================================
Received Import Request.
  Time since last request: 0.000350 seconds.
  path: Assets/Resources/Prefabs/Bullets/BulletLevel06.prefab
  artifactKey: Guid(1fce4e39ad41a4745b93a9ca3c92fcc5) Importer(815301076,1909f56bfc062723c751e8b465ee728b)
Start importing Assets/Resources/Prefabs/Bullets/BulletLevel06.prefab using Guid(1fce4e39ad41a4745b93a9ca3c92fcc5) Importer(815301076,1909f56bfc062723c751e8b465ee728b)  -> (artifact id: 'e99c9d90892d8b76a8013c43926d51b8') in 0.070440 seconds 
========================================================================
Received Import Request.
  Time since last request: 0.000446 seconds.
  path: Assets/Resources/Prefabs/Bullets/BulletLevel03.prefab
  artifactKey: Guid(d412846cbbf5c684ba1029d4e9c656a2) Importer(815301076,1909f56bfc062723c751e8b465ee728b)
Start importing Assets/Resources/Prefabs/Bullets/BulletLevel03.prefab using Guid(d412846cbbf5c684ba1029d4e9c656a2) Importer(815301076,1909f56bfc062723c751e8b465ee728b)  -> (artifact id: '97286531a7a58d5440a11f6bfa316ac4') in 0.069585 seconds 
========================================================================
Received Import Request.
  Time since last request: 0.000335 seconds.
  path: Assets/Resources/Prefabs/Bullets/BulletLevel02.prefab
  artifactKey: Guid(562d36319c833664f83219e7caec8ff6) Importer(815301076,1909f56bfc062723c751e8b465ee728b)
Start importing Assets/Resources/Prefabs/Bullets/BulletLevel02.prefab using Guid(562d36319c833664f83219e7caec8ff6) Importer(815301076,1909f56bfc062723c751e8b465ee728b)  -> (artifact id: '173d46b9a3d30c53066aff3be3c15b4b') in 0.077597 seconds 
========================================================================
Received Import Request.
  Time since last request: 56.137450 seconds.
  path: Assets/Resources/Prefabs/Bullets/BulletLevel01.prefab
  artifactKey: Guid(e4c9e3e521f66c2499935b47b065c978) Importer(815301076,1909f56bfc062723c751e8b465ee728b)
Start importing Assets/Resources/Prefabs/Bullets/BulletLevel01.prefab using Guid(e4c9e3e521f66c2499935b47b065c978) Importer(815301076,1909f56bfc062723c751e8b465ee728b)  -> (artifact id: 'e6d6b54f90273768e80cca35a94306e8') in 0.047815 seconds 
========================================================================
Received Import Request.
  Time since last request: 2.519479 seconds.
  path: Assets/Resources/Prefabs/Bullets/BulletLevel01.prefab
  artifactKey: Guid(e4c9e3e521f66c2499935b47b065c978) Importer(815301076,1909f56bfc062723c751e8b465ee728b)
Start importing Assets/Resources/Prefabs/Bullets/BulletLevel01.prefab using Guid(e4c9e3e521f66c2499935b47b065c978) Importer(815301076,1909f56bfc062723c751e8b465ee728b)  -> (artifact id: '78d9725268aa414769195360c1d1edf0') in 0.035512 seconds 
========================================================================
Received Import Request.
  Time since last request: 2.653464 seconds.
  path: Assets/Resources/Prefabs/Bullets/BulletLevel01.prefab
  artifactKey: Guid(e4c9e3e521f66c2499935b47b065c978) Importer(815301076,1909f56bfc062723c751e8b465ee728b)
Start importing Assets/Resources/Prefabs/Bullets/BulletLevel01.prefab using Guid(e4c9e3e521f66c2499935b47b065c978) Importer(815301076,1909f56bfc062723c751e8b465ee728b)  -> (artifact id: '51cfc0c9e5475c8821ce60c0d7c0d09d') in 0.041081 seconds 
========================================================================
Received Import Request.
  Time since last request: 14.666444 seconds.
  path: Assets/Resources/Prefabs/Bullets/BulletLevel01.prefab
  artifactKey: Guid(e4c9e3e521f66c2499935b47b065c978) Importer(815301076,1909f56bfc062723c751e8b465ee728b)
Start importing Assets/Resources/Prefabs/Bullets/BulletLevel01.prefab using Guid(e4c9e3e521f66c2499935b47b065c978) Importer(815301076,1909f56bfc062723c751e8b465ee728b)  -> (artifact id: 'b5d8d4e00bf19faf50a9363d7c3ca540') in 0.043396 seconds 
========================================================================
Received Import Request.
  Time since last request: 4.196666 seconds.
  path: Assets/Resources/Prefabs/Bullets/BulletLevel01.prefab
  artifactKey: Guid(e4c9e3e521f66c2499935b47b065c978) Importer(815301076,1909f56bfc062723c751e8b465ee728b)
Start importing Assets/Resources/Prefabs/Bullets/BulletLevel01.prefab using Guid(e4c9e3e521f66c2499935b47b065c978) Importer(815301076,1909f56bfc062723c751e8b465ee728b)  -> (artifact id: 'c0546ed5354e339437293f88ad920d3f') in 0.024291 seconds 
========================================================================
Received Import Request.
  Time since last request: 1.841942 seconds.
  path: Assets/Resources/Prefabs/Bullets/BulletLevel01.prefab
  artifactKey: Guid(e4c9e3e521f66c2499935b47b065c978) Importer(815301076,1909f56bfc062723c751e8b465ee728b)
Start importing Assets/Resources/Prefabs/Bullets/BulletLevel01.prefab using Guid(e4c9e3e521f66c2499935b47b065c978) Importer(815301076,1909f56bfc062723c751e8b465ee728b)  -> (artifact id: 'd146bc8289da3370123c6b4f01b8bc0c') in 0.034116 seconds 
========================================================================
Received Import Request.
  Time since last request: 21.862179 seconds.
  path: Assets/Resources/Prefabs/Background/Background01.prefab
  artifactKey: Guid(4487c0d16fe368b4e974e03d3ebd17a5) Importer(815301076,1909f56bfc062723c751e8b465ee728b)
Start importing Assets/Resources/Prefabs/Background/Background01.prefab using Guid(4487c0d16fe368b4e974e03d3ebd17a5) Importer(815301076,1909f56bfc062723c751e8b465ee728b)  -> (artifact id: '2e8f61f038ae069493df049c75f8d573') in 0.068861 seconds 
========================================================================
Received Import Request.
  Time since last request: 0.000342 seconds.
  path: Assets/Resources/Prefabs/Background/Background02.prefab
  artifactKey: Guid(e679ccb5cf81a8746812390c513bc609) Importer(815301076,1909f56bfc062723c751e8b465ee728b)
Start importing Assets/Resources/Prefabs/Background/Background02.prefab using Guid(e679ccb5cf81a8746812390c513bc609) Importer(815301076,1909f56bfc062723c751e8b465ee728b)  -> (artifact id: '9c493cc36ab19e700864a23d2a4994a3') in 0.048512 seconds 
========================================================================
Received Import Request.
  Time since last request: 1.748074 seconds.
  path: Assets/Resources/Prefabs/Background/Background01.prefab
  artifactKey: Guid(4487c0d16fe368b4e974e03d3ebd17a5) Importer(815301076,1909f56bfc062723c751e8b465ee728b)
Start importing Assets/Resources/Prefabs/Background/Background01.prefab using Guid(4487c0d16fe368b4e974e03d3ebd17a5) Importer(815301076,1909f56bfc062723c751e8b465ee728b)  -> (artifact id: 'df5d4677407b57dbe631530b9d19bc47') in 0.053057 seconds 
========================================================================
Received Import Request.
  Time since last request: 0.000630 seconds.
  path: Assets/Resources/Prefabs/Background/Background02.prefab
  artifactKey: Guid(e679ccb5cf81a8746812390c513bc609) Importer(815301076,1909f56bfc062723c751e8b465ee728b)
Start importing Assets/Resources/Prefabs/Background/Background02.prefab using Guid(e679ccb5cf81a8746812390c513bc609) Importer(815301076,1909f56bfc062723c751e8b465ee728b)  -> (artifact id: 'fa335827c63c4a78853ca4195c334671') in 0.058088 seconds 
========================================================================
Received Import Request.
  Time since last request: 1.123096 seconds.
  path: Assets/Resources/Prefabs/Background/Background01.prefab
  artifactKey: Guid(4487c0d16fe368b4e974e03d3ebd17a5) Importer(815301076,1909f56bfc062723c751e8b465ee728b)
Start importing Assets/Resources/Prefabs/Background/Background01.prefab using Guid(4487c0d16fe368b4e974e03d3ebd17a5) Importer(815301076,1909f56bfc062723c751e8b465ee728b)  -> (artifact id: '28427c98cb04786e2a225a5b575a1fb1') in 0.046219 seconds 
========================================================================
Received Import Request.
  Time since last request: 0.000329 seconds.
  path: Assets/Resources/Prefabs/Background/Background02.prefab
  artifactKey: Guid(e679ccb5cf81a8746812390c513bc609) Importer(815301076,1909f56bfc062723c751e8b465ee728b)
Start importing Assets/Resources/Prefabs/Background/Background02.prefab using Guid(e679ccb5cf81a8746812390c513bc609) Importer(815301076,1909f56bfc062723c751e8b465ee728b)  -> (artifact id: '11c684df8fce8bcf92cd58dc48d972d3') in 0.040256 seconds 
========================================================================
Received Import Request.
  Time since last request: 0.731431 seconds.
  path: Assets/Resources/Prefabs/Background/Background01.prefab
  artifactKey: Guid(4487c0d16fe368b4e974e03d3ebd17a5) Importer(815301076,1909f56bfc062723c751e8b465ee728b)
Start importing Assets/Resources/Prefabs/Background/Background01.prefab using Guid(4487c0d16fe368b4e974e03d3ebd17a5) Importer(815301076,1909f56bfc062723c751e8b465ee728b)  -> (artifact id: 'e85860c49184afc4c0b64488025e9046') in 0.046910 seconds 
========================================================================
Received Import Request.
  Time since last request: 0.000402 seconds.
  path: Assets/Resources/Prefabs/Background/Background02.prefab
  artifactKey: Guid(e679ccb5cf81a8746812390c513bc609) Importer(815301076,1909f56bfc062723c751e8b465ee728b)
Start importing Assets/Resources/Prefabs/Background/Background02.prefab using Guid(e679ccb5cf81a8746812390c513bc609) Importer(815301076,1909f56bfc062723c751e8b465ee728b)  -> (artifact id: '47825bc5939014cd479e418f4089b76b') in 0.081450 seconds 
========================================================================
Received Import Request.
  Time since last request: 3.550232 seconds.
  path: Assets/Resources/Prefabs/Background/Background01.prefab
  artifactKey: Guid(4487c0d16fe368b4e974e03d3ebd17a5) Importer(815301076,1909f56bfc062723c751e8b465ee728b)
Start importing Assets/Resources/Prefabs/Background/Background01.prefab using Guid(4487c0d16fe368b4e974e03d3ebd17a5) Importer(815301076,1909f56bfc062723c751e8b465ee728b)  -> (artifact id: '8bbd4d8f3797f79034fe687e3c3bd840') in 0.044763 seconds 
========================================================================
Received Import Request.
  Time since last request: 0.000436 seconds.
  path: Assets/Resources/Prefabs/Background/Background02.prefab
  artifactKey: Guid(e679ccb5cf81a8746812390c513bc609) Importer(815301076,1909f56bfc062723c751e8b465ee728b)
Start importing Assets/Resources/Prefabs/Background/Background02.prefab using Guid(e679ccb5cf81a8746812390c513bc609) Importer(815301076,1909f56bfc062723c751e8b465ee728b)  -> (artifact id: '91cc0b07cc1514ccde213169783905e3') in 0.054126 seconds 
========================================================================
Received Import Request.
  Time since last request: 1.114523 seconds.
  path: Assets/Resources/Prefabs/Background/Background01.prefab
  artifactKey: Guid(4487c0d16fe368b4e974e03d3ebd17a5) Importer(815301076,1909f56bfc062723c751e8b465ee728b)
Start importing Assets/Resources/Prefabs/Background/Background01.prefab using Guid(4487c0d16fe368b4e974e03d3ebd17a5) Importer(815301076,1909f56bfc062723c751e8b465ee728b)  -> (artifact id: 'cb45851202da2d8b78eaec23524aeac2') in 0.042061 seconds 
========================================================================
Received Import Request.
  Time since last request: 0.000335 seconds.
  path: Assets/Resources/Prefabs/Background/Background02.prefab
  artifactKey: Guid(e679ccb5cf81a8746812390c513bc609) Importer(815301076,1909f56bfc062723c751e8b465ee728b)
Start importing Assets/Resources/Prefabs/Background/Background02.prefab using Guid(e679ccb5cf81a8746812390c513bc609) Importer(815301076,1909f56bfc062723c751e8b465ee728b)  -> (artifact id: 'faf9bb3343f17cdfadaf48d920611b28') in 0.087583 seconds 
========================================================================
Received Import Request.
  Time since last request: 2.129092 seconds.
  path: Assets/Resources/Prefabs/Background/Background01.prefab
  artifactKey: Guid(4487c0d16fe368b4e974e03d3ebd17a5) Importer(815301076,1909f56bfc062723c751e8b465ee728b)
Start importing Assets/Resources/Prefabs/Background/Background01.prefab using Guid(4487c0d16fe368b4e974e03d3ebd17a5) Importer(815301076,1909f56bfc062723c751e8b465ee728b)  -> (artifact id: '90833c24b6507236fa807e58d3a5cab4') in 0.053299 seconds 
========================================================================
Received Import Request.
  Time since last request: 0.000308 seconds.
  path: Assets/Resources/Prefabs/Background/Background02.prefab
  artifactKey: Guid(e679ccb5cf81a8746812390c513bc609) Importer(815301076,1909f56bfc062723c751e8b465ee728b)
Start importing Assets/Resources/Prefabs/Background/Background02.prefab using Guid(e679ccb5cf81a8746812390c513bc609) Importer(815301076,1909f56bfc062723c751e8b465ee728b)  -> (artifact id: '7f91dd7edaf3ae1ae2f845ea2c719811') in 0.062160 seconds 
========================================================================
Received Import Request.
  Time since last request: 1.115338 seconds.
  path: Assets/Resources/Prefabs/Background/Background01.prefab
  artifactKey: Guid(4487c0d16fe368b4e974e03d3ebd17a5) Importer(815301076,1909f56bfc062723c751e8b465ee728b)
Start importing Assets/Resources/Prefabs/Background/Background01.prefab using Guid(4487c0d16fe368b4e974e03d3ebd17a5) Importer(815301076,1909f56bfc062723c751e8b465ee728b)  -> (artifact id: '8efb601d21e9ce2b7ec491025ff8f69c') in 0.044691 seconds 
========================================================================
Received Import Request.
  Time since last request: 0.000376 seconds.
  path: Assets/Resources/Prefabs/Background/Background02.prefab
  artifactKey: Guid(e679ccb5cf81a8746812390c513bc609) Importer(815301076,1909f56bfc062723c751e8b465ee728b)
Start importing Assets/Resources/Prefabs/Background/Background02.prefab using Guid(e679ccb5cf81a8746812390c513bc609) Importer(815301076,1909f56bfc062723c751e8b465ee728b)  -> (artifact id: 'ceb5c953b6e87682cf9dff96ebdc4b39') in 0.061687 seconds 
========================================================================
Received Import Request.
  Time since last request: 1.780263 seconds.
  path: Assets/Resources/Prefabs/Background/Background01.prefab
  artifactKey: Guid(4487c0d16fe368b4e974e03d3ebd17a5) Importer(815301076,1909f56bfc062723c751e8b465ee728b)
Start importing Assets/Resources/Prefabs/Background/Background01.prefab using Guid(4487c0d16fe368b4e974e03d3ebd17a5) Importer(815301076,1909f56bfc062723c751e8b465ee728b)  -> (artifact id: 'b5ce510bd07243aad09b83c75abc5a3d') in 0.048098 seconds 
========================================================================
Received Import Request.
  Time since last request: 0.000340 seconds.
  path: Assets/Resources/Prefabs/Background/Background02.prefab
  artifactKey: Guid(e679ccb5cf81a8746812390c513bc609) Importer(815301076,1909f56bfc062723c751e8b465ee728b)
Start importing Assets/Resources/Prefabs/Background/Background02.prefab using Guid(e679ccb5cf81a8746812390c513bc609) Importer(815301076,1909f56bfc062723c751e8b465ee728b)  -> (artifact id: 'bf7b60312f7fe1118e620bde76119ba0') in 0.043461 seconds 
========================================================================
Received Import Request.
  Time since last request: 1.386460 seconds.
  path: Assets/Resources/Prefabs/Background/Background01.prefab
  artifactKey: Guid(4487c0d16fe368b4e974e03d3ebd17a5) Importer(815301076,1909f56bfc062723c751e8b465ee728b)
Start importing Assets/Resources/Prefabs/Background/Background01.prefab using Guid(4487c0d16fe368b4e974e03d3ebd17a5) Importer(815301076,1909f56bfc062723c751e8b465ee728b)  -> (artifact id: '44868afa0eae85a41562bb2920ea709a') in 0.052831 seconds 
========================================================================
Received Import Request.
  Time since last request: 0.001089 seconds.
  path: Assets/Resources/Prefabs/Background/Background02.prefab
  artifactKey: Guid(e679ccb5cf81a8746812390c513bc609) Importer(815301076,1909f56bfc062723c751e8b465ee728b)
Start importing Assets/Resources/Prefabs/Background/Background02.prefab using Guid(e679ccb5cf81a8746812390c513bc609) Importer(815301076,1909f56bfc062723c751e8b465ee728b)  -> (artifact id: '5cef736a0e252e1ffba86c1b5db9c8dd') in 0.080386 seconds 
========================================================================
Received Import Request.
  Time since last request: 0.857419 seconds.
  path: Assets/Resources/Prefabs/Background/Background01.prefab
  artifactKey: Guid(4487c0d16fe368b4e974e03d3ebd17a5) Importer(815301076,1909f56bfc062723c751e8b465ee728b)
Start importing Assets/Resources/Prefabs/Background/Background01.prefab using Guid(4487c0d16fe368b4e974e03d3ebd17a5) Importer(815301076,1909f56bfc062723c751e8b465ee728b)  -> (artifact id: '4d185b94b2551524afde72937ed19e15') in 0.057411 seconds 
========================================================================
Received Import Request.
  Time since last request: 0.000328 seconds.
  path: Assets/Resources/Prefabs/Background/Background02.prefab
  artifactKey: Guid(e679ccb5cf81a8746812390c513bc609) Importer(815301076,1909f56bfc062723c751e8b465ee728b)
Start importing Assets/Resources/Prefabs/Background/Background02.prefab using Guid(e679ccb5cf81a8746812390c513bc609) Importer(815301076,1909f56bfc062723c751e8b465ee728b)  -> (artifact id: '9ec509d7841be8696e6c7d54d04b28bc') in 0.065263 seconds 
========================================================================
Received Import Request.
  Time since last request: 1.517353 seconds.
  path: Assets/Resources/Prefabs/Background/Background01.prefab
  artifactKey: Guid(4487c0d16fe368b4e974e03d3ebd17a5) Importer(815301076,1909f56bfc062723c751e8b465ee728b)
Start importing Assets/Resources/Prefabs/Background/Background01.prefab using Guid(4487c0d16fe368b4e974e03d3ebd17a5) Importer(815301076,1909f56bfc062723c751e8b465ee728b)  -> (artifact id: 'ebbdb57b9e51cd9a5b83b65bca28a972') in 0.046010 seconds 
========================================================================
Received Import Request.
  Time since last request: 0.000314 seconds.
  path: Assets/Resources/Prefabs/Background/Background02.prefab
  artifactKey: Guid(e679ccb5cf81a8746812390c513bc609) Importer(815301076,1909f56bfc062723c751e8b465ee728b)
Start importing Assets/Resources/Prefabs/Background/Background02.prefab using Guid(e679ccb5cf81a8746812390c513bc609) Importer(815301076,1909f56bfc062723c751e8b465ee728b)  -> (artifact id: '85a990388098b36ce73fe93ecf15b1c3') in 0.041763 seconds 
========================================================================
Received Import Request.
  Time since last request: 2.171763 seconds.
  path: Assets/Resources/Prefabs/Background/Background01.prefab
  artifactKey: Guid(4487c0d16fe368b4e974e03d3ebd17a5) Importer(815301076,1909f56bfc062723c751e8b465ee728b)
Start importing Assets/Resources/Prefabs/Background/Background01.prefab using Guid(4487c0d16fe368b4e974e03d3ebd17a5) Importer(815301076,1909f56bfc062723c751e8b465ee728b)  -> (artifact id: '1ef2993fca653ae33837ea992ca90fcf') in 0.061590 seconds 
========================================================================
Received Import Request.
  Time since last request: 0.000321 seconds.
  path: Assets/Resources/Prefabs/Background/Background02.prefab
  artifactKey: Guid(e679ccb5cf81a8746812390c513bc609) Importer(815301076,1909f56bfc062723c751e8b465ee728b)
Start importing Assets/Resources/Prefabs/Background/Background02.prefab using Guid(e679ccb5cf81a8746812390c513bc609) Importer(815301076,1909f56bfc062723c751e8b465ee728b)  -> (artifact id: '247c02e963d778db7dfced4c132e1853') in 0.078212 seconds 
========================================================================
Received Import Request.
  Time since last request: 0.857274 seconds.
  path: Assets/Resources/Prefabs/Background/Background01.prefab
  artifactKey: Guid(4487c0d16fe368b4e974e03d3ebd17a5) Importer(815301076,1909f56bfc062723c751e8b465ee728b)
Start importing Assets/Resources/Prefabs/Background/Background01.prefab using Guid(4487c0d16fe368b4e974e03d3ebd17a5) Importer(815301076,1909f56bfc062723c751e8b465ee728b)  -> (artifact id: 'a1e900f419a8cd038f5599086b28dd51') in 0.059586 seconds 
========================================================================
Received Import Request.
  Time since last request: 0.000231 seconds.
  path: Assets/Resources/Prefabs/Background/Background02.prefab
  artifactKey: Guid(e679ccb5cf81a8746812390c513bc609) Importer(815301076,1909f56bfc062723c751e8b465ee728b)
Start importing Assets/Resources/Prefabs/Background/Background02.prefab using Guid(e679ccb5cf81a8746812390c513bc609) Importer(815301076,1909f56bfc062723c751e8b465ee728b)  -> (artifact id: '6250f741ddfcc0f3d6ec62cf399c43ff') in 0.114733 seconds 
========================================================================
Received Import Request.
  Time since last request: 3.134966 seconds.
  path: Assets/Resources/Prefabs/Background/Background01.prefab
  artifactKey: Guid(4487c0d16fe368b4e974e03d3ebd17a5) Importer(815301076,1909f56bfc062723c751e8b465ee728b)
Start importing Assets/Resources/Prefabs/Background/Background01.prefab using Guid(4487c0d16fe368b4e974e03d3ebd17a5) Importer(815301076,1909f56bfc062723c751e8b465ee728b)  -> (artifact id: '90a2c3feb115a7f90b950ca7a8609df9') in 0.051007 seconds 
========================================================================
Received Import Request.
  Time since last request: 0.000279 seconds.
  path: Assets/Resources/Prefabs/Background/Background02.prefab
  artifactKey: Guid(e679ccb5cf81a8746812390c513bc609) Importer(815301076,1909f56bfc062723c751e8b465ee728b)
Start importing Assets/Resources/Prefabs/Background/Background02.prefab using Guid(e679ccb5cf81a8746812390c513bc609) Importer(815301076,1909f56bfc062723c751e8b465ee728b)  -> (artifact id: 'c07919f5ef7a2140d14c77b703a8fa42') in 0.073625 seconds 
========================================================================
Received Prepare
Registering precompiled user dll's ...
Registered in 0.003439 seconds.
Begin MonoManager ReloadAssembly
Native extension for WindowsStandalone target not found
Refreshing native plugins compatible for Editor in 0.78 ms, found 3 plugins.
Preloading 0 native plugins for Editor in 0.00 ms.
Mono: successfully reloaded assembly
- Completed reload, in  1.539 seconds
Domain Reload Profiling:
	ReloadAssembly (1539ms)
		BeginReloadAssembly (149ms)
			ExecutionOrderSort (0ms)
			DisableScriptedObjects (9ms)
			BackupInstance (0ms)
			ReleaseScriptingObjects (0ms)
			CreateAndSetChildDomain (47ms)
		EndReloadAssembly (1295ms)
			LoadAssemblies (150ms)
			RebuildTransferFunctionScriptingTraits (0ms)
			SetupTypeCache (430ms)
			ReleaseScriptCaches (1ms)
			RebuildScriptCaches (81ms)
			SetupLoadedEditorAssemblies (485ms)
				LogAssemblyErrors (0ms)
				InitializePlatformSupportModulesInManaged (5ms)
				SetLoadedEditorAssemblies (1ms)
				RefreshPlugins (1ms)
				BeforeProcessingInitializeOnLoad (109ms)
				ProcessInitializeOnLoadAttributes (350ms)
				ProcessInitializeOnLoadMethodAttributes (16ms)
				AfterProcessingInitializeOnLoad (3ms)
				EditorAssembliesLoaded (0ms)
			ExecutionOrderSort2 (0ms)
			AwakeInstancesAfterBackupRestoration (6ms)
Platform modules already initialized, skipping
Refreshing native plugins compatible for Editor in 1.03 ms, found 3 plugins.
Preloading 0 native plugins for Editor in 0.00 ms.
Unloading 2449 Unused Serialized files (Serialized files now loaded: 0)
System memory in use before: 112.6 MB.
System memory in use after: 112.6 MB.

Unloading 21 unused Assets to reduce memory usage. Loaded Objects now: 2928.
Total: 7.003730 ms (FindLiveObjects: 0.360107 ms CreateObjectMapping: 0.234240 ms MarkObjects: 6.203304 ms  DeleteObjects: 0.204373 ms)

AssetImportParameters requested are different than current active one (requested -> active):
  custom:framework-win-MediaFoundation: 216162199b28c13a410421893ffa2e32 -> 
  custom:video-decoder-ogg-theora: a1e56fd34408186e4bbccfd4996cb3dc -> 
  custom:container-muxer-webm: aa71ff27fc2769a1b78a27578f13a17b -> 
  custom:container-demuxer-webm: 4f35f7cbe854078d1ac9338744f61a02 -> 
  custom:container-demuxer-ogg: 62fdf1f143b41e24485cea50d1cbac27 -> 
  custom:video-encoder-webm-vp8: eb34c28f22e8b96e1ab97ce403110664 -> 
  custom:video-decoder-webm-vp8: 9c59270c3fd7afecdb556c50c9e8de78 -> 
  custom:audio-decoder-ogg-vorbis: bf7c407c2cedff20999df2af8eb42d56 -> 
  custom:audio-encoder-webm-vorbis: bf7c407c2cedff20999df2af8eb42d56 -> 
========================================================================
Received Prepare
Registering precompiled user dll's ...
Registered in 0.004502 seconds.
Begin MonoManager ReloadAssembly
Native extension for WindowsStandalone target not found
Refreshing native plugins compatible for Editor in 0.64 ms, found 3 plugins.
Preloading 0 native plugins for Editor in 0.00 ms.
Mono: successfully reloaded assembly
- Completed reload, in  1.653 seconds
Domain Reload Profiling:
	ReloadAssembly (1653ms)
		BeginReloadAssembly (148ms)
			ExecutionOrderSort (0ms)
			DisableScriptedObjects (8ms)
			BackupInstance (0ms)
			ReleaseScriptingObjects (0ms)
			CreateAndSetChildDomain (46ms)
		EndReloadAssembly (1417ms)
			LoadAssemblies (149ms)
			RebuildTransferFunctionScriptingTraits (0ms)
			SetupTypeCache (556ms)
			ReleaseScriptCaches (1ms)
			RebuildScriptCaches (70ms)
			SetupLoadedEditorAssemblies (467ms)
				LogAssemblyErrors (0ms)
				InitializePlatformSupportModulesInManaged (5ms)
				SetLoadedEditorAssemblies (1ms)
				RefreshPlugins (1ms)
				BeforeProcessingInitializeOnLoad (131ms)
				ProcessInitializeOnLoadAttributes (312ms)
				ProcessInitializeOnLoadMethodAttributes (14ms)
				AfterProcessingInitializeOnLoad (3ms)
				EditorAssembliesLoaded (0ms)
			ExecutionOrderSort2 (0ms)
			AwakeInstancesAfterBackupRestoration (5ms)
Platform modules already initialized, skipping
Refreshing native plugins compatible for Editor in 1.02 ms, found 3 plugins.
Preloading 0 native plugins for Editor in 0.00 ms.
Unloading 2449 Unused Serialized files (Serialized files now loaded: 0)
System memory in use before: 112.5 MB.
System memory in use after: 112.5 MB.

Unloading 21 unused Assets to reduce memory usage. Loaded Objects now: 2931.
Total: 6.222077 ms (FindLiveObjects: 0.380587 ms CreateObjectMapping: 0.222293 ms MarkObjects: 5.418238 ms  DeleteObjects: 0.198827 ms)

AssetImportParameters requested are different than current active one (requested -> active):
  custom:framework-win-MediaFoundation: 216162199b28c13a410421893ffa2e32 -> 
  custom:video-decoder-ogg-theora: a1e56fd34408186e4bbccfd4996cb3dc -> 
  custom:container-muxer-webm: aa71ff27fc2769a1b78a27578f13a17b -> 
  custom:container-demuxer-webm: 4f35f7cbe854078d1ac9338744f61a02 -> 
  custom:container-demuxer-ogg: 62fdf1f143b41e24485cea50d1cbac27 -> 
  custom:video-encoder-webm-vp8: eb34c28f22e8b96e1ab97ce403110664 -> 
  custom:video-decoder-webm-vp8: 9c59270c3fd7afecdb556c50c9e8de78 -> 
  custom:audio-decoder-ogg-vorbis: bf7c407c2cedff20999df2af8eb42d56 -> 
  custom:audio-encoder-webm-vorbis: bf7c407c2cedff20999df2af8eb42d56 -> 
========================================================================
Received Import Request.
  Time since last request: 201.999214 seconds.
  path: Assets/Resources/Prefabs/Background/Background02.prefab
  artifactKey: Guid(e679ccb5cf81a8746812390c513bc609) Importer(815301076,1909f56bfc062723c751e8b465ee728b)
Start importing Assets/Resources/Prefabs/Background/Background02.prefab using Guid(e679ccb5cf81a8746812390c513bc609) Importer(815301076,1909f56bfc062723c751e8b465ee728b)  -> (artifact id: '0d0de6ff482c60794ff7eeef1b297ee2') in 0.111783 seconds 
========================================================================
Received Import Request.
  Time since last request: 0.000431 seconds.
  path: Assets/Resources/Prefabs/Background/Background01.prefab
  artifactKey: Guid(4487c0d16fe368b4e974e03d3ebd17a5) Importer(815301076,1909f56bfc062723c751e8b465ee728b)
Start importing Assets/Resources/Prefabs/Background/Background01.prefab using Guid(4487c0d16fe368b4e974e03d3ebd17a5) Importer(815301076,1909f56bfc062723c751e8b465ee728b)  -> (artifact id: 'fa579223ddc6801329c42454b80f150f') in 0.024732 seconds 
========================================================================
Received Prepare
Registering precompiled user dll's ...
Registered in 0.004542 seconds.
Begin MonoManager ReloadAssembly
Native extension for WindowsStandalone target not found
Refreshing native plugins compatible for Editor in 1.37 ms, found 3 plugins.
Preloading 0 native plugins for Editor in 0.00 ms.
Mono: successfully reloaded assembly
- Completed reload, in  1.707 seconds
Domain Reload Profiling:
	ReloadAssembly (1708ms)
		BeginReloadAssembly (163ms)
			ExecutionOrderSort (0ms)
			DisableScriptedObjects (7ms)
			BackupInstance (0ms)
			ReleaseScriptingObjects (0ms)
			CreateAndSetChildDomain (58ms)
		EndReloadAssembly (1457ms)
			LoadAssemblies (152ms)
			RebuildTransferFunctionScriptingTraits (0ms)
			SetupTypeCache (579ms)
			ReleaseScriptCaches (1ms)
			RebuildScriptCaches (65ms)
			SetupLoadedEditorAssemblies (500ms)
				LogAssemblyErrors (0ms)
				InitializePlatformSupportModulesInManaged (5ms)
				SetLoadedEditorAssemblies (1ms)
				RefreshPlugins (2ms)
				BeforeProcessingInitializeOnLoad (106ms)
				ProcessInitializeOnLoadAttributes (365ms)
				ProcessInitializeOnLoadMethodAttributes (19ms)
				AfterProcessingInitializeOnLoad (3ms)
				EditorAssembliesLoaded (0ms)
			ExecutionOrderSort2 (0ms)
			AwakeInstancesAfterBackupRestoration (7ms)
Platform modules already initialized, skipping
Refreshing native plugins compatible for Editor in 1.03 ms, found 3 plugins.
Preloading 0 native plugins for Editor in 0.00 ms.
Unloading 2449 Unused Serialized files (Serialized files now loaded: 0)
System memory in use before: 112.6 MB.
System memory in use after: 112.6 MB.

Unloading 21 unused Assets to reduce memory usage. Loaded Objects now: 2935.
Total: 6.045011 ms (FindLiveObjects: 0.366080 ms CreateObjectMapping: 0.220587 ms MarkObjects: 5.248424 ms  DeleteObjects: 0.207360 ms)

AssetImportParameters requested are different than current active one (requested -> active):
  custom:framework-win-MediaFoundation: 216162199b28c13a410421893ffa2e32 -> 
  custom:video-decoder-ogg-theora: a1e56fd34408186e4bbccfd4996cb3dc -> 
  custom:container-muxer-webm: aa71ff27fc2769a1b78a27578f13a17b -> 
  custom:container-demuxer-webm: 4f35f7cbe854078d1ac9338744f61a02 -> 
  custom:container-demuxer-ogg: 62fdf1f143b41e24485cea50d1cbac27 -> 
  custom:video-encoder-webm-vp8: eb34c28f22e8b96e1ab97ce403110664 -> 
  custom:video-decoder-webm-vp8: 9c59270c3fd7afecdb556c50c9e8de78 -> 
  custom:audio-decoder-ogg-vorbis: bf7c407c2cedff20999df2af8eb42d56 -> 
  custom:audio-encoder-webm-vorbis: bf7c407c2cedff20999df2af8eb42d56 -> 
========================================================================
Received Import Request.
  Time since last request: 21.103915 seconds.
  path: Assets/Resources/Prefabs/Background/Background02.prefab
  artifactKey: Guid(e679ccb5cf81a8746812390c513bc609) Importer(815301076,1909f56bfc062723c751e8b465ee728b)
Start importing Assets/Resources/Prefabs/Background/Background02.prefab using Guid(e679ccb5cf81a8746812390c513bc609) Importer(815301076,1909f56bfc062723c751e8b465ee728b)  -> (artifact id: '22c26734e54b5b22ccd9351c08e9eeb8') in 0.129425 seconds 
========================================================================
Received Import Request.
  Time since last request: 0.000256 seconds.
  path: Assets/Resources/Prefabs/Background/Background01.prefab
  artifactKey: Guid(4487c0d16fe368b4e974e03d3ebd17a5) Importer(815301076,1909f56bfc062723c751e8b465ee728b)
Start importing Assets/Resources/Prefabs/Background/Background01.prefab using Guid(4487c0d16fe368b4e974e03d3ebd17a5) Importer(815301076,1909f56bfc062723c751e8b465ee728b)  -> (artifact id: '3e9aa03a9eadf26bbc1933c6014a8ed9') in 0.022863 seconds 
========================================================================
Received Prepare
Registering precompiled user dll's ...
Registered in 0.004168 seconds.
Begin MonoManager ReloadAssembly
Native extension for WindowsStandalone target not found
Refreshing native plugins compatible for Editor in 0.71 ms, found 3 plugins.
Preloading 0 native plugins for Editor in 0.00 ms.
Mono: successfully reloaded assembly
- Completed reload, in  2.016 seconds
Domain Reload Profiling:
	ReloadAssembly (2017ms)
		BeginReloadAssembly (240ms)
			ExecutionOrderSort (0ms)
			DisableScriptedObjects (11ms)
			BackupInstance (0ms)
			ReleaseScriptingObjects (0ms)
			CreateAndSetChildDomain (66ms)
		EndReloadAssembly (1628ms)
			LoadAssemblies (240ms)
			RebuildTransferFunctionScriptingTraits (0ms)
			SetupTypeCache (632ms)
			ReleaseScriptCaches (1ms)
			RebuildScriptCaches (68ms)
			SetupLoadedEditorAssemblies (573ms)
				LogAssemblyErrors (0ms)
				InitializePlatformSupportModulesInManaged (5ms)
				SetLoadedEditorAssemblies (1ms)
				RefreshPlugins (1ms)
				BeforeProcessingInitializeOnLoad (136ms)
				ProcessInitializeOnLoadAttributes (412ms)
				ProcessInitializeOnLoadMethodAttributes (16ms)
				AfterProcessingInitializeOnLoad (3ms)
				EditorAssembliesLoaded (0ms)
			ExecutionOrderSort2 (0ms)
			AwakeInstancesAfterBackupRestoration (6ms)
Platform modules already initialized, skipping
Refreshing native plugins compatible for Editor in 1.10 ms, found 3 plugins.
Preloading 0 native plugins for Editor in 0.00 ms.
Unloading 2449 Unused Serialized files (Serialized files now loaded: 0)
System memory in use before: 112.6 MB.
System memory in use after: 112.7 MB.

Unloading 21 unused Assets to reduce memory usage. Loaded Objects now: 2939.
Total: 6.236584 ms (FindLiveObjects: 0.372480 ms CreateObjectMapping: 0.237653 ms MarkObjects: 5.346131 ms  DeleteObjects: 0.278613 ms)

AssetImportParameters requested are different than current active one (requested -> active):
  custom:framework-win-MediaFoundation: 216162199b28c13a410421893ffa2e32 -> 
  custom:video-decoder-ogg-theora: a1e56fd34408186e4bbccfd4996cb3dc -> 
  custom:container-muxer-webm: aa71ff27fc2769a1b78a27578f13a17b -> 
  custom:container-demuxer-webm: 4f35f7cbe854078d1ac9338744f61a02 -> 
  custom:container-demuxer-ogg: 62fdf1f143b41e24485cea50d1cbac27 -> 
  custom:video-encoder-webm-vp8: eb34c28f22e8b96e1ab97ce403110664 -> 
  custom:video-decoder-webm-vp8: 9c59270c3fd7afecdb556c50c9e8de78 -> 
  custom:audio-decoder-ogg-vorbis: bf7c407c2cedff20999df2af8eb42d56 -> 
  custom:audio-encoder-webm-vorbis: bf7c407c2cedff20999df2af8eb42d56 -> 
========================================================================
Received Import Request.
  Time since last request: 33.029993 seconds.
  path: Assets/Resources/Prefabs/Player/Player.prefab
  artifactKey: Guid(7054ee0d09e1f694f9957178d748fa43) Importer(815301076,1909f56bfc062723c751e8b465ee728b)
Start importing Assets/Resources/Prefabs/Player/Player.prefab using Guid(7054ee0d09e1f694f9957178d748fa43) Importer(815301076,1909f56bfc062723c751e8b465ee728b)  -> (artifact id: 'e04d16242cbc46e16ff4b1ae6cefa2ba') in 0.120435 seconds 
========================================================================
Received Import Request.
  Time since last request: 1.466851 seconds.
  path: Assets/Resources/Prefabs/Player/Player 1.prefab
  artifactKey: Guid(4d88b3cbc4bafca4ab688883c00a4c17) Importer(815301076,1909f56bfc062723c751e8b465ee728b)
Start importing Assets/Resources/Prefabs/Player/Player 1.prefab using Guid(4d88b3cbc4bafca4ab688883c00a4c17) Importer(815301076,1909f56bfc062723c751e8b465ee728b)  -> (artifact id: '8ccfdd7e4eae623a7275d510da8d4f4e') in 0.040625 seconds 
========================================================================
Received Import Request.
  Time since last request: 17.387666 seconds.
  path: Assets/Resources/Prefabs/Player/SpaceShip01.prefab
  artifactKey: Guid(4d88b3cbc4bafca4ab688883c00a4c17) Importer(815301076,1909f56bfc062723c751e8b465ee728b)
Start importing Assets/Resources/Prefabs/Player/SpaceShip01.prefab using Guid(4d88b3cbc4bafca4ab688883c00a4c17) Importer(815301076,1909f56bfc062723c751e8b465ee728b)  -> (artifact id: 'd5e84a9ba655125be98425509099e02e') in 0.058567 seconds 
========================================================================
Received Import Request.
  Time since last request: 60.905184 seconds.
  path: Assets/Resources/Prefabs/Player/PlayerSpaceShip01.prefab
  artifactKey: Guid(4d88b3cbc4bafca4ab688883c00a4c17) Importer(815301076,1909f56bfc062723c751e8b465ee728b)
Start importing Assets/Resources/Prefabs/Player/PlayerSpaceShip01.prefab using Guid(4d88b3cbc4bafca4ab688883c00a4c17) Importer(815301076,1909f56bfc062723c751e8b465ee728b)  -> (artifact id: '408033eadc8c76f8d5b935120d653ca9') in 0.052407 seconds 
========================================================================
Received Import Request.
  Time since last request: 47.517689 seconds.
  path: Assets/Resources/Images/Weapons/maybay.png
  artifactKey: Guid(d42ab4f9213077a4e9dc475f4c63a0a3) Importer(815301076,1909f56bfc062723c751e8b465ee728b)
Start importing Assets/Resources/Images/Weapons/maybay.png using Guid(d42ab4f9213077a4e9dc475f4c63a0a3) Importer(815301076,1909f56bfc062723c751e8b465ee728b)  -> (artifact id: '52224c0047027d841d7c0af4326ff0d1') in 0.104378 seconds 
========================================================================
Received Import Request.
  Time since last request: 36.070608 seconds.
  path: Assets/Resources/Images/Weapons/maybay.png
  artifactKey: Guid(d42ab4f9213077a4e9dc475f4c63a0a3) Importer(815301076,1909f56bfc062723c751e8b465ee728b)
Start importing Assets/Resources/Images/Weapons/maybay.png using Guid(d42ab4f9213077a4e9dc475f4c63a0a3) Importer(815301076,1909f56bfc062723c751e8b465ee728b)  -> (artifact id: 'b48c59e6413fe228e4c930405a307870') in 0.060377 seconds 
========================================================================
Received Import Request.
  Time since last request: 12.720235 seconds.
  path: Assets/Resources/Images/Weapons/maybay2.png
  artifactKey: Guid(327458b9c68e2bb4790de7ca33c2a959) Importer(815301076,1909f56bfc062723c751e8b465ee728b)
Start importing Assets/Resources/Images/Weapons/maybay2.png using Guid(327458b9c68e2bb4790de7ca33c2a959) Importer(815301076,1909f56bfc062723c751e8b465ee728b)  -> (artifact id: 'c1cf815ae5abbbb377868360aa67411c') in 0.092000 seconds 
========================================================================
Received Import Request.
  Time since last request: 20.594564 seconds.
  path: Assets/Resources/Images/Weapons/maybay2.png
  artifactKey: Guid(327458b9c68e2bb4790de7ca33c2a959) Importer(815301076,1909f56bfc062723c751e8b465ee728b)
Start importing Assets/Resources/Images/Weapons/maybay2.png using Guid(327458b9c68e2bb4790de7ca33c2a959) Importer(815301076,1909f56bfc062723c751e8b465ee728b)  -> (artifact id: '8a3b81591160220cd178c1e2106a5db2') in 0.068254 seconds 
========================================================================
Received Import Request.
  Time since last request: 41.878628 seconds.
  path: Assets/Resources/Images/Weapons/maybay.png
  artifactKey: Guid(d42ab4f9213077a4e9dc475f4c63a0a3) Importer(815301076,1909f56bfc062723c751e8b465ee728b)
Start importing Assets/Resources/Images/Weapons/maybay.png using Guid(d42ab4f9213077a4e9dc475f4c63a0a3) Importer(815301076,1909f56bfc062723c751e8b465ee728b)  -> (artifact id: 'fa6abce4d0ebf24e6d964d9cb928d7d2') in 0.055231 seconds 
========================================================================
Received Import Request.
  Time since last request: 12.132279 seconds.
  path: Assets/Resources/Images/Weapons/maybay.png
  artifactKey: Guid(d42ab4f9213077a4e9dc475f4c63a0a3) Importer(815301076,1909f56bfc062723c751e8b465ee728b)
Start importing Assets/Resources/Images/Weapons/maybay.png using Guid(d42ab4f9213077a4e9dc475f4c63a0a3) Importer(815301076,1909f56bfc062723c751e8b465ee728b)  -> (artifact id: '6964b5d119e7654f7c5eb13305262861') in 0.098688 seconds 
========================================================================
Received Import Request.
  Time since last request: 20.066637 seconds.
  path: Assets/Resources/Prefabs/Player/PlayerSpaceShip01.prefab
  artifactKey: Guid(4d88b3cbc4bafca4ab688883c00a4c17) Importer(815301076,1909f56bfc062723c751e8b465ee728b)
Start importing Assets/Resources/Prefabs/Player/PlayerSpaceShip01.prefab using Guid(4d88b3cbc4bafca4ab688883c00a4c17) Importer(815301076,1909f56bfc062723c751e8b465ee728b)  -> (artifact id: '12e816b7ac0c5e90f2131bbe003d1309') in 0.048416 seconds 
========================================================================
Received Import Request.
  Time since last request: 95.400800 seconds.
  path: Assets/Resources/Prefabs/Player/PlayerSpaceShip01.prefab
  artifactKey: Guid(4d88b3cbc4bafca4ab688883c00a4c17) Importer(815301076,1909f56bfc062723c751e8b465ee728b)
Start importing Assets/Resources/Prefabs/Player/PlayerSpaceShip01.prefab using Guid(4d88b3cbc4bafca4ab688883c00a4c17) Importer(815301076,1909f56bfc062723c751e8b465ee728b)  -> (artifact id: '5ea47bdcf7606aaa2dc963a882b44d78') in 0.051587 seconds 
========================================================================
Received Import Request.
  Time since last request: 10.199254 seconds.
  path: Assets/Resources/Prefabs/Player/PlayerSpaceShip01.prefab
  artifactKey: Guid(4d88b3cbc4bafca4ab688883c00a4c17) Importer(815301076,1909f56bfc062723c751e8b465ee728b)
Start importing Assets/Resources/Prefabs/Player/PlayerSpaceShip01.prefab using Guid(4d88b3cbc4bafca4ab688883c00a4c17) Importer(815301076,1909f56bfc062723c751e8b465ee728b)  -> (artifact id: '0c78fe6131a957b27ffc838aa9e71ba7') in 0.055897 seconds 
========================================================================
Received Import Request.
  Time since last request: 2.455473 seconds.
  path: Assets/Resources/Prefabs/Player/PlayerSpaceShip01.prefab
  artifactKey: Guid(4d88b3cbc4bafca4ab688883c00a4c17) Importer(815301076,1909f56bfc062723c751e8b465ee728b)
Start importing Assets/Resources/Prefabs/Player/PlayerSpaceShip01.prefab using Guid(4d88b3cbc4bafca4ab688883c00a4c17) Importer(815301076,1909f56bfc062723c751e8b465ee728b)  -> (artifact id: '2980138b6637b74252a198ea8660bd9b') in 0.072207 seconds 
========================================================================
Received Prepare
Registering precompiled user dll's ...
Registered in 0.019866 seconds.
Begin MonoManager ReloadAssembly
Native extension for WindowsStandalone target not found
Refreshing native plugins compatible for Editor in 0.75 ms, found 3 plugins.
Preloading 0 native plugins for Editor in 0.00 ms.
Mono: successfully reloaded assembly
- Completed reload, in  1.633 seconds
Domain Reload Profiling:
	ReloadAssembly (1633ms)
		BeginReloadAssembly (151ms)
			ExecutionOrderSort (0ms)
			DisableScriptedObjects (8ms)
			BackupInstance (0ms)
			ReleaseScriptingObjects (0ms)
			CreateAndSetChildDomain (48ms)
		EndReloadAssembly (1403ms)
			LoadAssemblies (135ms)
			RebuildTransferFunctionScriptingTraits (0ms)
			SetupTypeCache (480ms)
			ReleaseScriptCaches (1ms)
			RebuildScriptCaches (90ms)
			SetupLoadedEditorAssemblies (495ms)
				LogAssemblyErrors (0ms)
				InitializePlatformSupportModulesInManaged (5ms)
				SetLoadedEditorAssemblies (1ms)
				RefreshPlugins (1ms)
				BeforeProcessingInitializeOnLoad (107ms)
				ProcessInitializeOnLoadAttributes (363ms)
				ProcessInitializeOnLoadMethodAttributes (15ms)
				AfterProcessingInitializeOnLoad (3ms)
				EditorAssembliesLoaded (0ms)
			ExecutionOrderSort2 (0ms)
			AwakeInstancesAfterBackupRestoration (6ms)
Platform modules already initialized, skipping
Refreshing native plugins compatible for Editor in 1.22 ms, found 3 plugins.
Preloading 0 native plugins for Editor in 0.00 ms.
Unloading 2449 Unused Serialized files (Serialized files now loaded: 0)
System memory in use before: 112.6 MB.
System memory in use after: 112.7 MB.

Unloading 21 unused Assets to reduce memory usage. Loaded Objects now: 2949.
Total: 7.006717 ms (FindLiveObjects: 0.509866 ms CreateObjectMapping: 0.305493 ms MarkObjects: 5.942611 ms  DeleteObjects: 0.246613 ms)

AssetImportParameters requested are different than current active one (requested -> active):
  custom:framework-win-MediaFoundation: 216162199b28c13a410421893ffa2e32 -> 
  custom:video-decoder-ogg-theora: a1e56fd34408186e4bbccfd4996cb3dc -> 
  custom:container-muxer-webm: aa71ff27fc2769a1b78a27578f13a17b -> 
  custom:container-demuxer-webm: 4f35f7cbe854078d1ac9338744f61a02 -> 
  custom:container-demuxer-ogg: 62fdf1f143b41e24485cea50d1cbac27 -> 
  custom:video-encoder-webm-vp8: eb34c28f22e8b96e1ab97ce403110664 -> 
  custom:video-decoder-webm-vp8: 9c59270c3fd7afecdb556c50c9e8de78 -> 
  custom:audio-decoder-ogg-vorbis: bf7c407c2cedff20999df2af8eb42d56 -> 
  custom:audio-encoder-webm-vorbis: bf7c407c2cedff20999df2af8eb42d56 -> 
========================================================================
Received Prepare
Registering precompiled user dll's ...
Registered in 0.002710 seconds.
Begin MonoManager ReloadAssembly
Native extension for WindowsStandalone target not found
Refreshing native plugins compatible for Editor in 0.65 ms, found 3 plugins.
Preloading 0 native plugins for Editor in 0.00 ms.
Mono: successfully reloaded assembly
- Completed reload, in  1.797 seconds
Domain Reload Profiling:
	ReloadAssembly (1798ms)
		BeginReloadAssembly (165ms)
			ExecutionOrderSort (0ms)
			DisableScriptedObjects (8ms)
			BackupInstance (0ms)
			ReleaseScriptingObjects (0ms)
			CreateAndSetChildDomain (50ms)
		EndReloadAssembly (1459ms)
			LoadAssemblies (157ms)
			RebuildTransferFunctionScriptingTraits (0ms)
			SetupTypeCache (506ms)
			ReleaseScriptCaches (4ms)
			RebuildScriptCaches (77ms)
			SetupLoadedEditorAssemblies (509ms)
				LogAssemblyErrors (0ms)
				InitializePlatformSupportModulesInManaged (4ms)
				SetLoadedEditorAssemblies (1ms)
				RefreshPlugins (1ms)
				BeforeProcessingInitializeOnLoad (116ms)
				ProcessInitializeOnLoadAttributes (346ms)
				ProcessInitializeOnLoadMethodAttributes (37ms)
				AfterProcessingInitializeOnLoad (4ms)
				EditorAssembliesLoaded (0ms)
			ExecutionOrderSort2 (0ms)
			AwakeInstancesAfterBackupRestoration (8ms)
Platform modules already initialized, skipping
Refreshing native plugins compatible for Editor in 1.06 ms, found 3 plugins.
Preloading 0 native plugins for Editor in 0.00 ms.
Unloading 2449 Unused Serialized files (Serialized files now loaded: 0)
System memory in use before: 112.6 MB.
System memory in use after: 112.7 MB.

Unloading 21 unused Assets to reduce memory usage. Loaded Objects now: 2952.
Total: 6.231891 ms (FindLiveObjects: 0.372907 ms CreateObjectMapping: 0.225707 ms MarkObjects: 5.402878 ms  DeleteObjects: 0.228267 ms)

AssetImportParameters requested are different than current active one (requested -> active):
  custom:framework-win-MediaFoundation: 216162199b28c13a410421893ffa2e32 -> 
  custom:video-decoder-ogg-theora: a1e56fd34408186e4bbccfd4996cb3dc -> 
  custom:container-muxer-webm: aa71ff27fc2769a1b78a27578f13a17b -> 
  custom:container-demuxer-webm: 4f35f7cbe854078d1ac9338744f61a02 -> 
  custom:container-demuxer-ogg: 62fdf1f143b41e24485cea50d1cbac27 -> 
  custom:video-encoder-webm-vp8: eb34c28f22e8b96e1ab97ce403110664 -> 
  custom:video-decoder-webm-vp8: 9c59270c3fd7afecdb556c50c9e8de78 -> 
  custom:audio-decoder-ogg-vorbis: bf7c407c2cedff20999df2af8eb42d56 -> 
  custom:audio-encoder-webm-vorbis: bf7c407c2cedff20999df2af8eb42d56 -> 
========================================================================
Received Prepare
Registering precompiled user dll's ...
Registered in 0.004229 seconds.
Begin MonoManager ReloadAssembly
Native extension for WindowsStandalone target not found
Refreshing native plugins compatible for Editor in 1.35 ms, found 3 plugins.
Preloading 0 native plugins for Editor in 0.00 ms.
Mono: successfully reloaded assembly
- Completed reload, in  1.976 seconds
Domain Reload Profiling:
	ReloadAssembly (1977ms)
		BeginReloadAssembly (211ms)
			ExecutionOrderSort (0ms)
			DisableScriptedObjects (14ms)
			BackupInstance (0ms)
			ReleaseScriptingObjects (0ms)
			CreateAndSetChildDomain (78ms)
		EndReloadAssembly (1632ms)
			LoadAssemblies (333ms)
			RebuildTransferFunctionScriptingTraits (0ms)
			SetupTypeCache (510ms)
			ReleaseScriptCaches (1ms)
			RebuildScriptCaches (60ms)
			SetupLoadedEditorAssemblies (570ms)
				LogAssemblyErrors (0ms)
				InitializePlatformSupportModulesInManaged (8ms)
				SetLoadedEditorAssemblies (2ms)
				RefreshPlugins (1ms)
				BeforeProcessingInitializeOnLoad (132ms)
				ProcessInitializeOnLoadAttributes (406ms)
				ProcessInitializeOnLoadMethodAttributes (18ms)
				AfterProcessingInitializeOnLoad (3ms)
				EditorAssembliesLoaded (0ms)
			ExecutionOrderSort2 (0ms)
			AwakeInstancesAfterBackupRestoration (6ms)
Platform modules already initialized, skipping
Refreshing native plugins compatible for Editor in 1.05 ms, found 3 plugins.
Preloading 0 native plugins for Editor in 0.00 ms.
Unloading 2449 Unused Serialized files (Serialized files now loaded: 0)
System memory in use before: 112.6 MB.
System memory in use after: 112.6 MB.

Unloading 21 unused Assets to reduce memory usage. Loaded Objects now: 2955.
Total: 12.249168 ms (FindLiveObjects: 0.484693 ms CreateObjectMapping: 0.264960 ms MarkObjects: 11.210235 ms  DeleteObjects: 0.287147 ms)

AssetImportParameters requested are different than current active one (requested -> active):
  custom:framework-win-MediaFoundation: 216162199b28c13a410421893ffa2e32 -> 
  custom:video-decoder-ogg-theora: a1e56fd34408186e4bbccfd4996cb3dc -> 
  custom:container-muxer-webm: aa71ff27fc2769a1b78a27578f13a17b -> 
  custom:container-demuxer-webm: 4f35f7cbe854078d1ac9338744f61a02 -> 
  custom:container-demuxer-ogg: 62fdf1f143b41e24485cea50d1cbac27 -> 
  custom:video-encoder-webm-vp8: eb34c28f22e8b96e1ab97ce403110664 -> 
  custom:video-decoder-webm-vp8: 9c59270c3fd7afecdb556c50c9e8de78 -> 
  custom:audio-decoder-ogg-vorbis: bf7c407c2cedff20999df2af8eb42d56 -> 
  custom:audio-encoder-webm-vorbis: bf7c407c2cedff20999df2af8eb42d56 -> 
========================================================================
Received Import Request.
  Time since last request: 216.671498 seconds.
  path: Assets/Resources/Prefabs/Player/PlayerSpaceShip01 1.prefab
  artifactKey: Guid(296c9c918b63e434cbe59dfffe6f17c1) Importer(815301076,1909f56bfc062723c751e8b465ee728b)
Start importing Assets/Resources/Prefabs/Player/PlayerSpaceShip01 1.prefab using Guid(296c9c918b63e434cbe59dfffe6f17c1) Importer(815301076,1909f56bfc062723c751e8b465ee728b)  -> (artifact id: 'd8168f5ccb9319a56388642456b514d3') in 0.215491 seconds 
========================================================================
Received Import Request.
  Time since last request: 11.795559 seconds.
  path: Assets/Resources/Prefabs/Player/PlayerSpaceShip02.prefab
  artifactKey: Guid(296c9c918b63e434cbe59dfffe6f17c1) Importer(815301076,1909f56bfc062723c751e8b465ee728b)
Start importing Assets/Resources/Prefabs/Player/PlayerSpaceShip02.prefab using Guid(296c9c918b63e434cbe59dfffe6f17c1) Importer(815301076,1909f56bfc062723c751e8b465ee728b)  -> (artifact id: '48eef7394ab662cd920af5ce94382bd6') in 0.093405 seconds 
========================================================================
Received Import Request.
  Time since last request: 43.576103 seconds.
  path: Assets/Resources/Images/Weapons/maybay2.png
  artifactKey: Guid(327458b9c68e2bb4790de7ca33c2a959) Importer(815301076,1909f56bfc062723c751e8b465ee728b)
Start importing Assets/Resources/Images/Weapons/maybay2.png using Guid(327458b9c68e2bb4790de7ca33c2a959) Importer(815301076,1909f56bfc062723c751e8b465ee728b)  -> (artifact id: '67cd8b47e9ac40ca7a0c4facb0f5704f') in 0.092967 seconds 
========================================================================
Received Import Request.
  Time since last request: 7.640552 seconds.
  path: Assets/Resources/Prefabs/Player/PlayerSpaceShip02.prefab
  artifactKey: Guid(296c9c918b63e434cbe59dfffe6f17c1) Importer(815301076,1909f56bfc062723c751e8b465ee728b)
Start importing Assets/Resources/Prefabs/Player/PlayerSpaceShip02.prefab using Guid(296c9c918b63e434cbe59dfffe6f17c1) Importer(815301076,1909f56bfc062723c751e8b465ee728b)  -> (artifact id: 'cb4cbf085e80fc1ec88bcb7d0c426855') in 0.027316 seconds 
========================================================================
Received Prepare
Registering precompiled user dll's ...
Registered in 0.002920 seconds.
Begin MonoManager ReloadAssembly
Native extension for WindowsStandalone target not found
Refreshing native plugins compatible for Editor in 2.46 ms, found 3 plugins.
Preloading 0 native plugins for Editor in 0.00 ms.
Mono: successfully reloaded assembly
- Completed reload, in  1.952 seconds
Domain Reload Profiling:
	ReloadAssembly (1952ms)
		BeginReloadAssembly (188ms)
			ExecutionOrderSort (0ms)
			DisableScriptedObjects (11ms)
			BackupInstance (0ms)
			ReleaseScriptingObjects (0ms)
			CreateAndSetChildDomain (50ms)
		EndReloadAssembly (1658ms)
			LoadAssemblies (169ms)
			RebuildTransferFunctionScriptingTraits (0ms)
			SetupTypeCache (538ms)
			ReleaseScriptCaches (2ms)
			RebuildScriptCaches (60ms)
			SetupLoadedEditorAssemblies (691ms)
				LogAssemblyErrors (0ms)
				InitializePlatformSupportModulesInManaged (7ms)
				SetLoadedEditorAssemblies (2ms)
				RefreshPlugins (3ms)
				BeforeProcessingInitializeOnLoad (166ms)
				ProcessInitializeOnLoadAttributes (478ms)
				ProcessInitializeOnLoadMethodAttributes (28ms)
				AfterProcessingInitializeOnLoad (7ms)
				EditorAssembliesLoaded (0ms)
			ExecutionOrderSort2 (0ms)
			AwakeInstancesAfterBackupRestoration (9ms)
Platform modules already initialized, skipping
Refreshing native plugins compatible for Editor in 1.07 ms, found 3 plugins.
Preloading 0 native plugins for Editor in 0.00 ms.
Unloading 2449 Unused Serialized files (Serialized files now loaded: 0)
System memory in use before: 112.7 MB.
System memory in use after: 112.7 MB.

Unloading 21 unused Assets to reduce memory usage. Loaded Objects now: 2959.
Total: 6.356904 ms (FindLiveObjects: 0.373760 ms CreateObjectMapping: 0.240640 ms MarkObjects: 5.474984 ms  DeleteObjects: 0.264960 ms)

AssetImportParameters requested are different than current active one (requested -> active):
  custom:framework-win-MediaFoundation: 216162199b28c13a410421893ffa2e32 -> 
  custom:video-decoder-ogg-theora: a1e56fd34408186e4bbccfd4996cb3dc -> 
  custom:container-muxer-webm: aa71ff27fc2769a1b78a27578f13a17b -> 
  custom:container-demuxer-webm: 4f35f7cbe854078d1ac9338744f61a02 -> 
  custom:container-demuxer-ogg: 62fdf1f143b41e24485cea50d1cbac27 -> 
  custom:video-encoder-webm-vp8: eb34c28f22e8b96e1ab97ce403110664 -> 
  custom:video-decoder-webm-vp8: 9c59270c3fd7afecdb556c50c9e8de78 -> 
  custom:audio-decoder-ogg-vorbis: bf7c407c2cedff20999df2af8eb42d56 -> 
  custom:audio-encoder-webm-vorbis: bf7c407c2cedff20999df2af8eb42d56 -> 
AssetImportWorkerClient::OnTransportError - code=2 error=End of file
